p/quectel22.jpg 1 0 0 580 599
p/quectel21.jpg 1 0 0 596 666
p/quectel20.jpg 1 0 0 577 637
p/quectel19.jpg 1 0 0 543 596
p/quectel18.jpg 1 0 0 513 542
p/quectel17.jpg 1 0 0 513 534
p/quectel16.jpg 1 0 0 574 607
p/quectel14.jpg 1 0 0 708 834
p/quectel13.jpg 1 0 0 558 580
p/quectel12.jpg 1 0 0 533 515
p/quectel11.jpg 1 0 0 489 444
p/quectel10.jpg 1 0 0 445 441
p/quectel9.jpg 1 0 0 521 550
p/quectel8.jpg 1 0 0 505 530
p/quectel7.jpg 1 0 0 473 442
p/quectel6.jpg 1 0 0 380 433
p/quectel5.jpg 1 0 0 380 458
p/quectel4.jpg 1 0 0 387 463
p/quectel3.jpg 1 0 0 524 581
p/quectel2.jpg 1 0 0 521 534
p/quectel1.jpg 1 0 0 715 829
p/quectel15.jpg 1 0 0 780 1040